<?xml version="1.0" encoding="UTF-8"?>
<!-- Generated by org.testng.reporters.JUnitReportReporter -->
<testsuite hostname="DESKTOP-MMSR92P" failures="0" tests="1" name="extraaa.WhatsAppAutomationTest" time="35.058" errors="0" timestamp="2025-08-01T15:24:16 IST" skipped="0">
  <testcase classname="extraaa.WhatsAppAutomationTest" name="changeContext" time="35.058"/>
</testsuite> <!-- extraaa.WhatsAppAutomationTest -->
