<?xml version="1.0" encoding="UTF-8"?>
<!-- Generated by org.testng.reporters.JUnitReportReporter -->
<testsuite hostname="DESKTOP-MMSR92P" failures="0" tests="1" name="basic.deletingSavedAddress" time="25.731" errors="0" timestamp="2025-07-01T12:50:01 IST" skipped="0">
  <testcase classname="basic.deletingSavedAddress" name="launchApplication" time="25.731"/>
</testsuite> <!-- basic.deletingSavedAddress -->
