<?xml version="1.0" encoding="UTF-8"?>
<!-- Generated by org.testng.reporters.JUnitReportReporter -->
<testsuite hostname="DESKTOP-MMSR92P" failures="0" tests="1" name="basic.add_to_cart" time="38.316" errors="0" timestamp="2025-07-03T17:09:01 IST" skipped="0">
  <testcase classname="basic.add_to_cart" name="basic" time="38.316"/>
</testsuite> <!-- basic.add_to_cart -->
