<?xml version="1.0" encoding="UTF-8"?>
<!-- Generated by org.testng.reporters.JUnitReportReporter -->
<testsuite hostname="DESKTOP-MMSR92P" failures="0" tests="1" name="tests.Addatest" time="29.546" errors="0" timestamp="2025-07-31T17:59:13 IST" skipped="0">
  <testcase classname="tests.Addatest" name="addTest" time="29.546"/>
</testsuite> <!-- tests.Addatest -->
