<?xml version="1.0" encoding="UTF-8"?>
<!-- Generated by org.testng.reporters.JUnitReportReporter -->
<testsuite hostname="DESKTOP-MMSR92P" failures="0" tests="1" name="cHECKUP.PopularCheckup_FunctionalityTest" time="55.609" errors="0" timestamp="2025-08-07T11:10:20 IST" skipped="0">
  <testcase classname="cHECKUP.PopularCheckup_FunctionalityTest" name="AddToCartButtonTest" time="55.609"/>
</testsuite> <!-- cHECKUP.PopularCheckup_FunctionalityTest -->
