<?xml version="1.0" encoding="UTF-8"?>
<!-- Generated by org.testng.reporters.JUnitReportReporter -->
<testsuite hostname="DESKTOP-MMSR92P" failures="0" tests="1" name="myProfile.AddFamilyMember" time="51.910" errors="0" timestamp="2025-07-04T15:35:33 IST" skipped="0">
  <testcase classname="myProfile.AddFamilyMember" name="addAmember" time="51.910"/>
</testsuite> <!-- myProfile.AddFamilyMember -->
