<?xml version="1.0" encoding="UTF-8"?>
<!-- Generated by org.testng.reporters.JUnitReportReporter -->
<testsuite hostname="DESKTOP-MMSR92P" failures="0" tests="1" name="cHECKUP.Popularcheckup_WomenCheckUp_AllPlansFunctinality_Test" time="74.473" errors="0" timestamp="2025-08-07T11:13:24 IST" skipped="0">
  <testcase classname="cHECKUP.Popularcheckup_WomenCheckUp_AllPlansFunctinality_Test" name="AddtoCartFunctionalityTest" time="74.473"/>
</testsuite> <!-- cHECKUP.Popularcheckup_WomenCheckUp_AllPlansFunctinality_Test -->
