<?xml version="1.0" encoding="UTF-8"?>
<!-- Generated by org.testng.reporters.JUnitReportReporter -->
<testsuite hostname="DESKTOP-MMSR92P" failures="0" tests="2" name="cHECKUP.AddACheckupTest" time="60.282" errors="0" timestamp="2025-08-07T13:00:15 IST" skipped="0">
  <testcase classname="cHECKUP.AddACheckupTest" name="addCheakup" time="19.277"/>
  <testcase classname="cHECKUP.AddACheckupTest" name="addCheakup" time="41.005"/>
</testsuite> <!-- cHECKUP.AddACheckupTest -->
