<?xml version="1.0" encoding="UTF-8"?>
<!-- Generated by org.testng.reporters.JUnitReportReporter -->
<testsuite hostname="DESKTOP-MMSR92P" failures="0" tests="1" name="basic.logoutOfApplication" time="40.464" errors="0" timestamp="2025-07-03T17:50:46 IST" skipped="0">
  <testcase classname="basic.logoutOfApplication" name="basic" time="40.464"/>
</testsuite> <!-- basic.logoutOfApplication -->
