<?xml version="1.0" encoding="UTF-8"?>
<!-- Generated by org.testng.reporters.JUnitReportReporter -->
<testsuite hostname="DESKTOP-MMSR92P" failures="0" tests="1" name="checkUps.AddACheckupTest" time="45.267" errors="0" timestamp="2025-08-05T18:05:05 IST" skipped="0">
  <testcase classname="checkUps.AddACheckupTest" name="addCheakup" time="45.267"/>
</testsuite> <!-- checkUps.AddACheckupTest -->
