<?xml version="1.0" encoding="UTF-8"?>
<!-- Generated by org.testng.reporters.JUnitReportReporter -->
<testsuite hostname="DESKTOP-MMSR92P" failures="0" tests="1" name="myProfile.logoutOfApplication" time="46.810" errors="0" timestamp="2025-07-03T17:52:56 IST" skipped="0">
  <testcase classname="myProfile.logoutOfApplication" name="basic" time="46.810"/>
</testsuite> <!-- myProfile.logoutOfApplication -->
