<?xml version="1.0" encoding="UTF-8"?>
<!-- Generated by org.testng.reporters.JUnitReportReporter -->
<testsuite hostname="DESKTOP-MMSR92P" failures="0" tests="1" name="cHECKUP.Popularcheckup_FullbodyCheckUp_AllPlansFunctinality_Test" time="70.989" errors="0" timestamp="2025-08-07T11:09:17 IST" skipped="0">
  <testcase classname="cHECKUP.Popularcheckup_FullbodyCheckUp_AllPlansFunctinality_Test" name="AddtoCartFunctionalityTest" time="70.989"/>
</testsuite> <!-- cHECKUP.Popularcheckup_FullbodyCheckUp_AllPlansFunctinality_Test -->
